<?xml version="1.0" encoding="UTF-8"?>
<!-- Generated by org.testng.reporters.JUnitXMLReporter -->
<testsuite ignored="0" hostname="RAKESH" failures="0" tests="3" name="ParabankTests" time="24.227" errors="0" timestamp="2026-03-13T03:23:25 IST">
  <testcase classname="tests.RegisterTest" name="registerUserTest" time="3.085"/>
  <testcase classname="tests.LoginTest" name="loginTest" time="1.956"/>
  <testcase classname="tests.LogoutTest" name="logoutTest" time="3.766"/>
</testsuite> <!-- ParabankTests -->
