<?xml version="1.0" encoding="UTF-8"?>
<!-- Generated by org.testng.reporters.JUnitXMLReporter -->
<testsuite ignored="0" hostname="RAKESH" failures="0" tests="3" name="ParabankTests" time="17.492" errors="0" timestamp="2026-03-11T09:32:04 IST">
  <testcase classname="tests.RegisterTest" name="registerUserTest" time="1.96"/>
  <testcase classname="tests.LoginTest" name="loginTest" time="1.261"/>
  <testcase classname="tests.LogoutTest" name="logoutTest" time="2.139"/>
</testsuite> <!-- ParabankTests -->
